<?xml version="1.0" encoding="UTF-8"?>
<beans xmlns="http://www.springframework.org/schema/beans"
       xmlns:context="http://www.springframework.org/schema/context"
       xmlns:util="http://www.springframework.org/schema/util"
       xmlns:p="http://www.springframework.org/schema/p"
       xmlns:c="http://www.springframework.org/schema/c"
       xmlns:xsi="http://www.w3.org/2001/XMLSchema-instance"
       xsi:schemaLocation="http://www.springframework.org/schema/beans http://www.springframework.org/schema/beans/spring-beans.xsd
                           http://www.springframework.org/schema/context http://www.springframework.org/schema/context/spring-context.xsd
                           http://www.springframework.org/schema/util http://www.springframework.org/schema/util/spring-util.xsd"
                           
       default-init-method="initialize"
       default-destroy-method="destroy">
       

  <util:list id="sweid.TestUserList">
  <!-- 
    <bean class="se.elegnamnden.eid.idp.authn.model.SimulatedUser" c:personalIdentityNumber="188803099368" c:displayName="Agda Andersson" c:givenName="Agda" c:surname="Andersson"
      p:orgIdentity="agda" p:organizationIdentifier="2021006883" p:organizationName="DIGG" p:organizationDisplayName="DIGG-handläggare 1" />
      -->
    <bean class="se.elegnamnden.eid.idp.authn.model.SimulatedUser" c:personalIdentityNumber="188803099368" c:displayName="Agda Andersson" c:givenName="Agda" c:surname="Andersson" />
    <bean class="se.elegnamnden.eid.idp.authn.model.SimulatedUser" c:personalIdentityNumber="197609265819" c:displayName="Alrik Lidén" c:givenName="Alrik" c:surname="Lidén" />
    <bean class="se.elegnamnden.eid.idp.authn.model.SimulatedUser" c:personalIdentityNumber="195509132386" c:displayName="Beatrice Invandro" c:givenName="Beatrice" c:surname="Invandro" />
    <bean class="se.elegnamnden.eid.idp.authn.model.SimulatedUser" c:personalIdentityNumber="193911137077" c:displayName="Bernt Olof Larsson" c:givenName="Bernt Olof" c:surname="Larsson" />
    <bean class="se.elegnamnden.eid.idp.authn.model.SimulatedUser" c:personalIdentityNumber="196212282583" c:displayName="Cecilia Nyberg" c:givenName="Cecilia" c:surname="Nyberg" />
    <bean class="se.elegnamnden.eid.idp.authn.model.SimulatedUser" c:personalIdentityNumber="198907028412" c:displayName="Clarence Hammarström" c:givenName="Clarence" c:surname="Hammarström" />
    <bean class="se.elegnamnden.eid.idp.authn.model.SimulatedUser" c:personalIdentityNumber="193504049135" c:displayName="Filip Walldén" c:givenName="Filip" c:surname="Walldén" />
    <bean class="se.elegnamnden.eid.idp.authn.model.SimulatedUser" c:personalIdentityNumber="197705232382" c:displayName="Frida Kranstege" c:givenName="Frida" c:surname="Kranstege" />
    <bean class="se.elegnamnden.eid.idp.authn.model.SimulatedUser" c:personalIdentityNumber="199610065436" c:displayName="Friedrich Werner" c:givenName="Friedrich" c:surname="Werner" />
    <bean class="se.elegnamnden.eid.idp.authn.model.SimulatedUser" c:personalIdentityNumber="192011189228" c:displayName="Gunbritt Bodén" c:givenName="Gunbritt" c:surname="Bodén" />
    <bean class="se.elegnamnden.eid.idp.authn.model.SimulatedUser" c:personalIdentityNumber="194804032094" c:displayName="Laban Meijer" c:givenName="Laban" c:surname="Meijer" />
    <bean class="se.elegnamnden.eid.idp.authn.model.SimulatedUser" c:personalIdentityNumber="195611117820" c:displayName="Lilly Öhlund" c:givenName="Lilly" c:surname="Öhlund" />
    <bean class="se.elegnamnden.eid.idp.authn.model.SimulatedUser" c:personalIdentityNumber="196012243926" c:displayName="Lola Kempe" c:givenName="Lola" c:surname="Kempe" />
    <bean class="se.elegnamnden.eid.idp.authn.model.SimulatedUser" c:personalIdentityNumber="194606109108" c:displayName="Magdalena Karlgren" c:givenName="Magdalena" c:surname="Karlgren" />
    <bean class="se.elegnamnden.eid.idp.authn.model.SimulatedUser" c:personalIdentityNumber="195207306886" c:displayName="Majlis Medin" c:givenName="Majlis" c:surname="Medin" />
    <bean class="se.elegnamnden.eid.idp.authn.model.SimulatedUser" c:personalIdentityNumber="196302052383" c:displayName="Mariana Kjällström" c:givenName="Mariana" c:surname="Kjällström" />
    <bean class="se.elegnamnden.eid.idp.authn.model.SimulatedUser" c:personalIdentityNumber="199008199391" c:displayName="Mohamed Al Samed" c:givenName="Mohamed" c:surname="Al Samed" />
    <bean class="se.elegnamnden.eid.idp.authn.model.SimulatedUser" c:personalIdentityNumber="197309069289" c:displayName="Nina Greger" c:givenName="Nina" c:surname="Greger" />
    <bean class="se.elegnamnden.eid.idp.authn.model.SimulatedUser" c:personalIdentityNumber="199008252398" c:displayName="Oskar Johansson" c:givenName="Oskar" c:surname="Johansson" />
    <bean class="se.elegnamnden.eid.idp.authn.model.SimulatedUser" c:personalIdentityNumber="197006063080" c:displayName="Paula Rylander" c:givenName="Paula" c:surname="Rylander" />
    <bean class="se.elegnamnden.eid.idp.authn.model.SimulatedUser" c:personalIdentityNumber="192705178354" c:displayName="Per-Uno Karlsson" c:givenName="Per-Uno" c:surname="Karlsson" />
    <bean class="se.elegnamnden.eid.idp.authn.model.SimulatedUser" c:personalIdentityNumber="195903133279" c:displayName="Ronald Borg" c:givenName="Ronald" c:surname="Borg" />
    <bean class="se.elegnamnden.eid.idp.authn.model.SimulatedUser" c:personalIdentityNumber="194911172296" c:displayName="Sven Sturesson" c:givenName="Sven" c:surname="Sturesson" />
    <bean class="se.elegnamnden.eid.idp.authn.model.SimulatedUser" c:personalIdentityNumber="197802031877" c:displayName="Tryggve Bäckström" c:givenName="Tryggve" c:surname="Bäckström" />
    <bean class="se.elegnamnden.eid.idp.authn.model.SimulatedUser" c:personalIdentityNumber="198611062384" c:displayName="Ulla Alm" c:givenName="Ulla" c:surname="Alm" />
    <bean class="se.elegnamnden.eid.idp.authn.model.SimulatedUser" c:personalIdentityNumber="193512208194" c:displayName="Uno Kovalev" c:givenName="Uno" c:surname="Kovalev" />
    <bean class="se.elegnamnden.eid.idp.authn.model.SimulatedUser" c:personalIdentityNumber="191704109279" c:displayName="Åke Jansson" c:givenName="Åke" c:surname="Jansson" />
    <bean class="se.elegnamnden.eid.idp.authn.model.SimulatedUser" c:personalIdentityNumber="197010632391" c:displayName="Sixten von Samordnungsnummer" c:givenName="Sixten" c:surname="von Samordnungsnummer" />
  </util:list>
    
</beans>
